{
  "RSpec": {
    "coverage": {
      "/Users/charliecasserly/Documents/projects/bookmarks/spec/bookmark_spec.rb": {
        "lines": [
          1,
          1,
          null,
          1,
          1,
          1,
          1,
          null,
          1,
          1,
          1,
          null,
          1,
          null,
          1,
          1,
          1,
          1,
          1,
          null,
          null,
          null,
          1,
          1,
          1,
          1,
          null,
          1,
          1,
          1,
          1,
          null,
          null,
          null,
          1,
          1,
          1,
          null,
          1,
          null,
          1,
          null,
          null,
          null
        ]
      },
      "/Users/charliecasserly/Documents/projects/bookmarks/lib/bookmark.rb": {
        "lines": [
          1,
          null,
          1,
          1,
          null,
          1,
          18,
          18,
          18,
          null,
          null,
          1,
          6,
          6,
          null,
          0,
          null,
          null,
          6,
          6,
          8,
          null,
          null,
          null,
          null,
          null,
          null,
          null,
          1,
          10,
          10,
          null,
          0,
          null,
          10,
          10,
          null,
          null,
          null,
          null,
          null,
          null,
          1,
          2,
          2,
          null,
          0,
          null,
          2,
          null,
          null
        ]
      },
      "/Users/charliecasserly/Documents/projects/bookmarks/spec/database_helpers.rb": {
        "lines": [
          1,
          null,
          1,
          1,
          1,
          1,
          null
        ]
      },
      "/Users/charliecasserly/Documents/projects/bookmarks/spec/features/creating_bookmarks_spec.rb": {
        "lines": [
          1,
          1,
          1,
          1,
          1,
          1,
          null,
          1,
          null,
          null
        ]
      },
      "/Users/charliecasserly/Documents/projects/bookmarks/spec/features/deleting_a_bookmark_spec.rb": {
        "lines": [
          1,
          1,
          1,
          1,
          1,
          null,
          1,
          null,
          1,
          1,
          null,
          null
        ]
      },
      "/Users/charliecasserly/Documents/projects/bookmarks/spec/features/viewing_bookmarks_spec.rb": {
        "lines": [
          1,
          1,
          1,
          1,
          null,
          null,
          1,
          1,
          1,
          1,
          null,
          1,
          null,
          1,
          1,
          1,
          null,
          null
        ]
      }
    },
    "timestamp": 1621780617
  }
}
